<?xml version="1.0" encoding="UTF-8"?>
<!-- Generated by org.testng.reporters.JUnitReportReporter -->
<testsuite hostname="LAPTOP-KCTPGNVN" failures="0" tests="2" name="org.selenium.FirstTestCase" time="63.038" errors="0" timestamp="2024-02-10T14:17:26 CET" skipped="0">
  <testcase classname="org.selenium.FirstTestCase" name="buyItemWithLogIn" time="44.051"/>
  <system-out/>
  <testcase classname="org.selenium.FirstTestCase" name="deleteItemFromCart" time="18.987"/>
  <system-out/>
</testsuite> <!-- org.selenium.FirstTestCase -->
